[2022-05-02 16:41:14] local.ERROR: Invalid argument supplied for foreach() (View: C:\Users\Yoan\Documents\GitHub\N E W\Mock Up\Coding-Champ-Blog\resources\views\comments\item.blade.php) (View: C:\Users\Yoan\Documents\GitHub\N E W\Mock Up\Coding-Champ-Blog\resources\views\comments\item.blade.php) {"exception":"[object] (ErrorException(code: 0): Invalid argument supplied for foreach() (View: C:\\Users\\Yoan\\Documents\\GitHub\\N E W\\Mock Up\\Coding-Champ-Blog\esources\\views\\comments\\item.blade.php) (View: C:\\Users\\Yoan\\Documents\\GitHub\\N E W\\Mock Up\\Coding-Champ-Blog\esources\\views\\comments\\item.blade.php) at C:\\Users\\Yoan\\Documents\\GitHub\\N E W\\Mock Up\\Coding-Champ-Blog\\storage\\framework\\views\\ba74da7c4bd6065b7a8200ca23466250f894187b.php:8, ErrorException(code: 0): Invalid argument supplied for foreach() (View: C:\\Users\\Yoan\\Documents\\GitHub\\N E W\\Mock Up\\Coding-Champ-Blog\esources\\views\\comments\\item.blade.php) at C:\\Users\\Yoan\\Documents\\GitHub\\N E W\\Mock Up\\Coding-Champ-Blog\\storage\\framework\\views\\ba74da7c4bd6065b7a8200ca23466250f894187b.php:8, ErrorException(code: 0): Invalid argument supplied for foreach() at C:\\Users\\Yoan\\Documents\\GitHub\\N E W\\Mock Up\\Coding-Champ-Blog\\storage\\framework\\views\\ba74da7c4bd6065b7a8200ca23466250f894187b.php:8)
[stacktrace]
#0 C:\\Users\\Yoan\\Documents\\GitHub\\N E W\\Mock Up\\Coding-Champ-Blog\\vendor\\laravel\\framework\\src\\Illuminate\\View\\Engines\\PhpEngine.php(45): Illuminate\\View\\Engines\\CompilerEngine->handleViewException(Object(ErrorException), 1)
#1 C:\\Users\\Yoan\\Documents\\GitHub\\N E W\\Mock Up\\Coding-Champ-Blog\\vendor\\laravel\\framework\\src\\Illuminate\\View\\Engines\\CompilerEngine.php(59): Illuminate\\View\\Engines\\PhpEngine->evaluatePath('C:\\\\Users\\\\Yoan\\\\D...', Array)
#2 C:\\Users\\Yoan\\Documents\\GitHub\\N E W\\Mock Up\\Coding-Champ-Blog\\vendor\\laravel\\framework\\src\\Illuminate\\View\\View.php(142): Illuminate\\View\\Engines\\CompilerEngine->get('C:\\\\Users\\\\Yoan\\\\D...', Array)
#3 C:\\Users\\Yoan\\Documents\\GitHub\\N E W\\Mock Up\\Coding-Champ-Blog\\vendor\\laravel\\framework\\src\\Illuminate\\View\\View.php(125): Illuminate\\View\\View->getContents()
#4 C:\\Users\\Yoan\\Documents\\GitHub\\N E W\\Mock Up\\Coding-Champ-Blog\\vendor\\laravel\\framework\\src\\Illuminate\\View\\View.php(90): Illuminate\\View\\View->renderContents()
#5 C:\\Users\\Yoan\\Documents\\GitHub\\N E W\\Mock Up\\Coding-Champ-Blog\\vendor\\laravel\\framework\\src\\Illuminate\\Http\\Response.php(42): Illuminate\\View\\View->render()
#6 C:\\Users\\Yoan\\Documents\\GitHub\\N E W\\Mock Up\\Coding-Champ-Blog\\vendor\\symfony\\http-foundation\\Response.php(205): Illuminate\\Http\\Response->setContent(Object(Illuminate\\View\\View))
#7 C:\\Users\\Yoan\\Documents\\GitHub\\N E W\\Mock Up\\Coding-Champ-Blog\\vendor\\laravel\\framework\\src\\Illuminate\\Routing\\Router.php(750): Symfony\\Component\\HttpFoundation\\Response->__construct(Object(Illuminate\\View\\View))
#8 C:\\Users\\Yoan\\Documents\\GitHub\\N E W\\Mock Up\\Coding-Champ-Blog\\vendor\\laravel\\framework\\src\\Illuminate\\Routing\\Router.php(722): Illuminate\\Routing\\Router::toResponse(Object(Illuminate\\Http\\Request), Object(Illuminate\\View\\View))
#9 C:\\Users\\Yoan\\Documents\\GitHub\\N E W\\Mock Up\\Coding-Champ-Blog\\vendor\\laravel\\framework\\src\\Illuminate\\Routing\\Router.php(682): Illuminate\\Routing\\Router->prepareResponse(Object(Illuminate\\Http\\Request), Object(Illuminate\\View\\View))
#10 C:\\Users\\Yoan\\Documents\\GitHub\\N E W\\Mock Up\\Coding-Champ-Blog\\vendor\\laravel\\framework\\src\\Illuminate\\Routing\\Pipeline.php(30): Illuminate\\Routing\\Router->Illuminate\\Routing\\{closure}(Object(Illuminate\\Http\\Request))
#11 C:\\Users\\Yoan\\Documents\\GitHub\\N E W\\Mock Up\\Coding-Champ-Blog\\vendor\\laravel\\framework\\src\\Illuminate\\Routing\\Middleware\\SubstituteBindings.php(41): Illuminate\\Routing\\Pipeline->Illuminate\\Routing\\{closure}(Object(Illuminate\\Http\\Request))
#12 C:\\Users\\Yoan\\Documents\\GitHub\\N E W\\Mock Up\\Coding-Champ-Blog\\vendor\\laravel\\framework\\src\\Illuminate\\Pipeline\\Pipeline.php(163): Illuminate\\Routing\\Middleware\\SubstituteBindings->handle(Object(Illuminate\\Http\\Request), Object(Closure))
#13 C:\\Users\\Yoan\\Documents\\GitHub\\N E W\\Mock Up\\Coding-Champ-Blog\\vendor\\laravel\\framework\\src\\Illuminate\\Routing\\Pipeline.php(53): Illuminate\\Pipeline\\Pipeline->Illuminate\\Pipeline\\{closure}(Object(Illuminate\\Http\\Request))
#14 C:\\Users\\Yoan\\Documents\\GitHub\\N E W\\Mock Up\\Coding-Champ-Blog\\vendor\\laravel\\framework\\src\\Illuminate\\Foundation\\Http\\Middleware\\VerifyCsrfToken.php(75): Illuminate\\Routing\\Pipeline->Illuminate\\Routing\\{closure}(Object(Illuminate\\Http\\Request))
#15 C:\\Users\\Yoan\\Documents\\GitHub\\N E W\\Mock Up\\Coding-Champ-Blog\\vendor\\laravel\\framework\\src\\Illuminate\\Pipeline\\Pipeline.php(163): Illuminate\\Foundation\\Http\\Middleware\\VerifyCsrfToken->handle(Object(Illuminate\\Http\\Request), Object(Closure))
#16 C:\\Users\\Yoan\\Documents\\GitHub\\N E W\\Mock Up\\Coding-Champ-Blog\\vendor\\laravel\\framework\\src\\Illuminate\\Routing\\Pipeline.php(53): Illuminate\\Pipeline\\Pipeline->Illuminate\\Pipeline\\{closure}(Object(Illuminate\\Http\\Request))
#17 C:\\Users\\Yoan\\Documents\\GitHub\\N E W\\Mock Up\\Coding-Champ-Blog\\vendor\\laravel\\framework\\src\\Illuminate\\View\\Middleware\\ShareErrorsFromSession.php(49): Illuminate\\Routing\\Pipeline->Illuminate\\Routing\\{closure}(Object(Illuminate\\Http\\Request))
#18 C:\\Users\\Yoan\\Documents\\GitHub\\N E W\\Mock Up\\Coding-Champ-Blog\\vendor\\laravel\\framework\\src\\Illuminate\\Pipeline\\Pipeline.php(163): Illuminate\\View\\Middleware\\ShareErrorsFromSession->handle(Object(Illuminate\\Http\\Request), Object(Closure))
#19 C:\\Users\\Yoan\\Documents\\GitHub\\N E W\\Mock Up\\Coding-Champ-Blog\\vendor\\laravel\\framework\\src\\Illuminate\\Routing\\Pipeline.php(53): Illuminate\\Pipeline\\Pipeline->Illuminate\\Pipeline\\{closure}(Object(Illuminate\\Http\\Request))
#20 C:\\Users\\Yoan\\Documents\\GitHub\\N E W\\Mock Up\\Coding-Champ-Blog\\vendor\\laravel\\framework\\src\\Illuminate\\Session\\Middleware\\StartSession.php(63): Illuminate\\Routing\\Pipeline->Illuminate\\Routing\\{closure}(Object(Illuminate\\Http\\Request))
#21 C:\\Users\\Yoan\\Documents\\GitHub\\N E W\\Mock Up\\Coding-Champ-Blog\\vendor\\laravel\\framework\\src\\Illuminate\\Pipeline\\Pipeline.php(163): Illuminate\\Session\\Middleware\\StartSession->handle(Object(Illuminate\\Http\\Request), Object(Closure))
#22 C:\\Users\\Yoan\\Documents\\GitHub\\N E W\\Mock Up\\Coding-Champ-Blog\\vendor\\laravel\\framework\\src\\Illuminate\\Routing\\Pipeline.php(53): Illuminate\\Pipeline\\Pipeline->Illuminate\\Pipeline\\{closure}(Object(Illuminate\\Http\\Request))
#23 C:\\Users\\Yoan\\Documents\\GitHub\\N E W\\Mock Up\\Coding-Champ-Blog\\vendor\\laravel\\framework\\src\\Illuminate\\Cookie\\Middleware\\AddQueuedCookiesToResponse.php(37): Illuminate\\Routing\\Pipeline->Illuminate\\Routing\\{closure}(Object(Illuminate\\Http\\Request))
#24 C:\\Users\\Yoan\\Documents\\GitHub\\N E W\\Mock Up\\Coding-Champ-Blog\\vendor\\laravel\\framework\\src\\Illuminate\\Pipeline\\Pipeline.php(163): Illuminate\\Cookie\\Middleware\\AddQueuedCookiesToResponse->handle(Object(Illuminate\\Http\\Request), Object(Closure))
#25 C:\\Users\\Yoan\\Documents\\GitHub\\N E W\\Mock Up\\Coding-Champ-Blog\\vendor\\laravel\\framework\\src\\Illuminate\\Routing\\Pipeline.php(53): Illuminate\\Pipeline\\Pipeline->Illuminate\\Pipeline\\{closure}(Object(Illuminate\\Http\\Request))
#26 C:\\Users\\Yoan\\Documents\\GitHub\\N E W\\Mock Up\\Coding-Champ-Blog\\vendor\\laravel\\framework\\src\\Illuminate\\Cookie\\Middleware\\EncryptCookies.php(66): Illuminate\\Routing\\Pipeline->Illuminate\\Routing\\{closure}(Object(Illuminate\\Http\\Request))
#27 C:\\Users\\Yoan\\Documents\\GitHub\\N E W\\Mock Up\\Coding-Champ-Blog\\vendor\\laravel\\framework\\src\\Illuminate\\Pipeline\\Pipeline.php(163): Illuminate\\Cookie\\Middleware\\EncryptCookies->handle(Object(Illuminate\\Http\\Request), Object(Closure))
#28 C:\\Users\\Yoan\\Documents\\GitHub\\N E W\\Mock Up\\Coding-Champ-Blog\\vendor\\laravel\\framework\\src\\Illuminate\\Routing\\Pipeline.php(53): Illuminate\\Pipeline\\Pipeline->Illuminate\\Pipeline\\{closure}(Object(Illuminate\\Http\\Request))
#29 C:\\Users\\Yoan\\Documents\\GitHub\\N E W\\Mock Up\\Coding-Champ-Blog\\vendor\\laravel\\framework\\src\\Illuminate\\Pipeline\\Pipeline.php(104): Illuminate\\Routing\\Pipeline->Illuminate\\Routing\\{closure}(Object(Illuminate\\Http\\Request))
#30 C:\\Users\\Yoan\\Documents\\GitHub\\N E W\\Mock Up\\Coding-Champ-Blog\\vendor\\laravel\\framework\\src\\Illuminate\\Routing\\Router.php(684): Illuminate\\Pipeline\\Pipeline->then(Object(Closure))
#31 C:\\Users\\Yoan\\Documents\\GitHub\\N E W\\Mock Up\\Coding-Champ-Blog\\vendor\\laravel\\framework\\src\\Illuminate\\Routing\\Router.php(659): Illuminate\\Routing\\Router->runRouteWithinStack(Object(Illuminate\\Routing\\Route), Object(Illuminate\\Http\\Request))
#32 C:\\Users\\Yoan\\Documents\\GitHub\\N E W\\Mock Up\\Coding-Champ-Blog\\vendor\\laravel\\framework\\src\\Illuminate\\Routing\\Router.php(625): Illuminate\\Routing\\Router->runRoute(Object(Illuminate\\Http\\Request), Object(Illuminate\\Routing\\Route))
#33 C:\\Users\\Yoan\\Documents\\GitHub\\N E W\\Mock Up\\Coding-Champ-Blog\\vendor\\laravel\\framework\\src\\Illuminate\\Routing\\Router.php(614): Illuminate\\Routing\\Router->dispatchToRoute(Object(Illuminate\\Http\\Request))
#34 C:\\Users\\Yoan\\Documents\\GitHub\\N E W\\Mock Up\\Coding-Champ-Blog\\vendor\\laravel\\framework\\src\\Illuminate\\Foundation\\Http\\Kernel.php(176): Illuminate\\Routing\\Router->dispatch(Object(Illuminate\\Http\\Request))
#35 C:\\Users\\Yoan\\Documents\\GitHub\\N E W\\Mock Up\\Coding-Champ-Blog\\vendor\\laravel\\framework\\src\\Illuminate\\Routing\\Pipeline.php(30): Illuminate\\Foundation\\Http\\Kernel->Illuminate\\Foundation\\Http\\{closure}(Object(Illuminate\\Http\\Request))
#36 C:\\Users\\Yoan\\Documents\\GitHub\\N E W\\Mock Up\\Coding-Champ-Blog\\vendor\\fideloper\\proxy\\src\\TrustProxies.php(57): Illuminate\\Routing\\Pipeline->Illuminate\\Routing\\{closure}(Object(Illuminate\\Http\\Request))
#37 C:\\Users\\Yoan\\Documents\\GitHub\\N E W\\Mock Up\\Coding-Champ-Blog\\vendor\\laravel\\framework\\src\\Illuminate\\Pipeline\\Pipeline.php(163): Fideloper\\Proxy\\TrustProxies->handle(Object(Illuminate\\Http\\Request), Object(Closure))
#38 C:\\Users\\Yoan\\Documents\\GitHub\\N E W\\Mock Up\\Coding-Champ-Blog\\vendor\\laravel\\framework\\src\\Illuminate\\Routing\\Pipeline.php(53): Illuminate\\Pipeline\\Pipeline->Illuminate\\Pipeline\\{closure}(Object(Illuminate\\Http\\Request))
#39 C:\\Users\\Yoan\\Documents\\GitHub\\N E W\\Mock Up\\Coding-Champ-Blog\\vendor\\laravel\\framework\\src\\Illuminate\\Foundation\\Http\\Middleware\\TransformsRequest.php(31): Illuminate\\Routing\\Pipeline->Illuminate\\Routing\\{closure}(Object(Illuminate\\Http\\Request))
#40 C:\\Users\\Yoan\\Documents\\GitHub\\N E W\\Mock Up\\Coding-Champ-Blog\\vendor\\laravel\\framework\\src\\Illuminate\\Pipeline\\Pipeline.php(163): Illuminate\\Foundation\\Http\\Middleware\\TransformsRequest->handle(Object(Illuminate\\Http\\Request), Object(Closure))
#41 C:\\Users\\Yoan\\Documents\\GitHub\\N E W\\Mock Up\\Coding-Champ-Blog\\vendor\\laravel\\framework\\src\\Illuminate\\Routing\\Pipeline.php(53): Illuminate\\Pipeline\\Pipeline->Illuminate\\Pipeline\\{closure}(Object(Illuminate\\Http\\Request))
#42 C:\\Users\\Yoan\\Documents\\GitHub\\N E W\\Mock Up\\Coding-Champ-Blog\\vendor\\laravel\\framework\\src\\Illuminate\\Foundation\\Http\\Middleware\\TransformsRequest.php(31): Illuminate\\Routing\\Pipeline->Illuminate\\Routing\\{closure}(Object(Illuminate\\Http\\Request))
#43 C:\\Users\\Yoan\\Documents\\GitHub\\N E W\\Mock Up\\Coding-Champ-Blog\\vendor\\laravel\\framework\\src\\Illuminate\\Pipeline\\Pipeline.php(163): Illuminate\\Foundation\\Http\\Middleware\\TransformsRequest->handle(Object(Illuminate\\Http\\Request), Object(Closure))
#44 C:\\Users\\Yoan\\Documents\\GitHub\\N E W\\Mock Up\\Coding-Champ-Blog\\vendor\\laravel\\framework\\src\\Illuminate\\Routing\\Pipeline.php(53): Illuminate\\Pipeline\\Pipeline->Illuminate\\Pipeline\\{closure}(Object(Illuminate\\Http\\Request))
#45 C:\\Users\\Yoan\\Documents\\GitHub\\N E W\\Mock Up\\Coding-Champ-Blog\\vendor\\laravel\\framework\\src\\Illuminate\\Foundation\\Http\\Middleware\\ValidatePostSize.php(27): Illuminate\\Routing\\Pipeline->Illuminate\\Routing\\{closure}(Object(Illuminate\\Http\\Request))
#46 C:\\Users\\Yoan\\Documents\\GitHub\\N E W\\Mock Up\\Coding-Champ-Blog\\vendor\\laravel\\framework\\src\\Illuminate\\Pipeline\\Pipeline.php(163): Illuminate\\Foundation\\Http\\Middleware\\ValidatePostSize->handle(Object(Illuminate\\Http\\Request), Object(Closure))
#47 C:\\Users\\Yoan\\Documents\\GitHub\\N E W\\Mock Up\\Coding-Champ-Blog\\vendor\\laravel\\framework\\src\\Illuminate\\Routing\\Pipeline.php(53): Illuminate\\Pipeline\\Pipeline->Illuminate\\Pipeline\\{closure}(Object(Illuminate\\Http\\Request))
#48 C:\\Users\\Yoan\\Documents\\GitHub\\N E W\\Mock Up\\Coding-Champ-Blog\\vendor\\laravel\\framework\\src\\Illuminate\\Foundation\\Http\\Middleware\\CheckForMaintenanceMode.php(62): Illuminate\\Routing\\Pipeline->Illuminate\\Routing\\{closure}(Object(Illuminate\\Http\\Request))
#49 C:\\Users\\Yoan\\Documents\\GitHub\\N E W\\Mock Up\\Coding-Champ-Blog\\vendor\\laravel\\framework\\src\\Illuminate\\Pipeline\\Pipeline.php(163): Illuminate\\Foundation\\Http\\Middleware\\CheckForMaintenanceMode->handle(Object(Illuminate\\Http\\Request), Object(Closure))
#50 C:\\Users\\Yoan\\Documents\\GitHub\\N E W\\Mock Up\\Coding-Champ-Blog\\vendor\\laravel\\framework\\src\\Illuminate\\Routing\\Pipeline.php(53): Illuminate\\Pipeline\\Pipeline->Illuminate\\Pipeline\\{closure}(Object(Illuminate\\Http\\Request))
#51 C:\\Users\\Yoan\\Documents\\GitHub\\N E W\\Mock Up\\Coding-Champ-Blog\\vendor\\fruitcake\\laravel-cors\\src\\HandleCors.php(37): Illuminate\\Routing\\Pipeline->Illuminate\\Routing\\{closure}(Object(Illuminate\\Http\\Request))
#52 C:\\Users\\Yoan\\Documents\\GitHub\\N E W\\Mock Up\\Coding-Champ-Blog\\vendor\\laravel\\framework\\src\\Illuminate\\Pipeline\\Pipeline.php(163): Fruitcake\\Cors\\HandleCors->handle(Object(Illuminate\\Http\\Request), Object(Closure))
#53 C:\\Users\\Yoan\\Documents\\GitHub\\N E W\\Mock Up\\Coding-Champ-Blog\\vendor\\laravel\\framework\\src\\Illuminate\\Routing\\Pipeline.php(53): Illuminate\\Pipeline\\Pipeline->Illuminate\\Pipeline\\{closure}(Object(Illuminate\\Http\\Request))
#54 C:\\Users\\Yoan\\Documents\\GitHub\\N E W\\Mock Up\\Coding-Champ-Blog\\vendor\\laravel\\framework\\src\\Illuminate\\Pipeline\\Pipeline.php(104): Illuminate\\Routing\\Pipeline->Illuminate\\Routing\\{closure}(Object(Illuminate\\Http\\Request))
#55 C:\\Users\\Yoan\\Documents\\GitHub\\N E W\\Mock Up\\Coding-Champ-Blog\\vendor\\laravel\\framework\\src\\Illuminate\\Foundation\\Http\\Kernel.php(151): Illuminate\\Pipeline\\Pipeline->then(Object(Closure))
#56 C:\\Users\\Yoan\\Documents\\GitHub\\N E W\\Mock Up\\Coding-Champ-Blog\\vendor\\laravel\\framework\\src\\Illuminate\\Foundation\\Http\\Kernel.php(116): Illuminate\\Foundation\\Http\\Kernel->sendRequestThroughRouter(Object(Illuminate\\Http\\Request))
#57 C:\\Users\\Yoan\\Documents\\GitHub\\N E W\\Mock Up\\Coding-Champ-Blog\\public\\index.php(63): Illuminate\\Foundation\\Http\\Kernel->handle(Object(Illuminate\\Http\\Request))
#58 C:\\Users\\Yoan\\Documents\\GitHub\\N E W\\Mock Up\\Coding-Champ-Blog\\server.php(21): require_once('C:\\\\Users\\\\Yoan\\\\D...')
#59 {main}
"} 
[2022-05-02 16:45:02] local.ERROR: Invalid argument supplied for foreach() (View: C:\Users\Yoan\Documents\GitHub\N E W\Mock Up\Coding-Champ-Blog\resources\views\comments\item.blade.php) (View: C:\Users\Yoan\Documents\GitHub\N E W\Mock Up\Coding-Champ-Blog\resources\views\comments\item.blade.php) {"exception":"[object] (ErrorException(code: 0): Invalid argument supplied for foreach() (View: C:\\Users\\Yoan\\Documents\\GitHub\\N E W\\Mock Up\\Coding-Champ-Blog\esources\\views\\comments\\item.blade.php) (View: C:\\Users\\Yoan\\Documents\\GitHub\\N E W\\Mock Up\\Coding-Champ-Blog\esources\\views\\comments\\item.blade.php) at C:\\Users\\Yoan\\Documents\\GitHub\\N E W\\Mock Up\\Coding-Champ-Blog\\storage\\framework\\views\\ba74da7c4bd6065b7a8200ca23466250f894187b.php:8, ErrorException(code: 0): Invalid argument supplied for foreach() (View: C:\\Users\\Yoan\\Documents\\GitHub\\N E W\\Mock Up\\Coding-Champ-Blog\esources\\views\\comments\\item.blade.php) at C:\\Users\\Yoan\\Documents\\GitHub\\N E W\\Mock Up\\Coding-Champ-Blog\\storage\\framework\\views\\ba74da7c4bd6065b7a8200ca23466250f894187b.php:8, ErrorException(code: 0): Invalid argument supplied for foreach() at C:\\Users\\Yoan\\Documents\\GitHub\\N E W\\Mock Up\\Coding-Champ-Blog\\storage\\framework\\views\\ba74da7c4bd6065b7a8200ca23466250f894187b.php:8)
[stacktrace]
#0 C:\\Users\\Yoan\\Documents\\GitHub\\N E W\\Mock Up\\Coding-Champ-Blog\\vendor\\laravel\\framework\\src\\Illuminate\\View\\Engines\\PhpEngine.php(45): Illuminate\\View\\Engines\\CompilerEngine->handleViewException(Object(ErrorException), 1)
#1 C:\\Users\\Yoan\\Documents\\GitHub\\N E W\\Mock Up\\Coding-Champ-Blog\\vendor\\laravel\\framework\\src\\Illuminate\\View\\Engines\\CompilerEngine.php(59): Illuminate\\View\\Engines\\PhpEngine->evaluatePath('C:\\\\Users\\\\Yoan\\\\D...', Array)
#2 C:\\Users\\Yoan\\Documents\\GitHub\\N E W\\Mock Up\\Coding-Champ-Blog\\vendor\\laravel\\framework\\src\\Illuminate\\View\\View.php(142): Illuminate\\View\\Engines\\CompilerEngine->get('C:\\\\Users\\\\Yoan\\\\D...', Array)
#3 C:\\Users\\Yoan\\Documents\\GitHub\\N E W\\Mock Up\\Coding-Champ-Blog\\vendor\\laravel\\framework\\src\\Illuminate\\View\\View.php(125): Illuminate\\View\\View->getContents()
#4 C:\\Users\\Yoan\\Documents\\GitHub\\N E W\\Mock Up\\Coding-Champ-Blog\\vendor\\laravel\\framework\\src\\Illuminate\\View\\View.php(90): Illuminate\\View\\View->renderContents()
#5 C:\\Users\\Yoan\\Documents\\GitHub\\N E W\\Mock Up\\Coding-Champ-Blog\\vendor\\laravel\\framework\\src\\Illuminate\\Http\\Response.php(42): Illuminate\\View\\View->render()
#6 C:\\Users\\Yoan\\Documents\\GitHub\\N E W\\Mock Up\\Coding-Champ-Blog\\vendor\\symfony\\http-foundation\\Response.php(205): Illuminate\\Http\\Response->setContent(Object(Illuminate\\View\\View))
#7 C:\\Users\\Yoan\\Documents\\GitHub\\N E W\\Mock Up\\Coding-Champ-Blog\\vendor\\laravel\\framework\\src\\Illuminate\\Routing\\Router.php(750): Symfony\\Component\\HttpFoundation\\Response->__construct(Object(Illuminate\\View\\View))
#8 C:\\Users\\Yoan\\Documents\\GitHub\\N E W\\Mock Up\\Coding-Champ-Blog\\vendor\\laravel\\framework\\src\\Illuminate\\Routing\\Router.php(722): Illuminate\\Routing\\Router::toResponse(Object(Illuminate\\Http\\Request), Object(Illuminate\\View\\View))
#9 C:\\Users\\Yoan\\Documents\\GitHub\\N E W\\Mock Up\\Coding-Champ-Blog\\vendor\\laravel\\framework\\src\\Illuminate\\Routing\\Router.php(682): Illuminate\\Routing\\Router->prepareResponse(Object(Illuminate\\Http\\Request), Object(Illuminate\\View\\View))
#10 C:\\Users\\Yoan\\Documents\\GitHub\\N E W\\Mock Up\\Coding-Champ-Blog\\vendor\\laravel\\framework\\src\\Illuminate\\Routing\\Pipeline.php(30): Illuminate\\Routing\\Router->Illuminate\\Routing\\{closure}(Object(Illuminate\\Http\\Request))
#11 C:\\Users\\Yoan\\Documents\\GitHub\\N E W\\Mock Up\\Coding-Champ-Blog\\vendor\\laravel\\framework\\src\\Illuminate\\Routing\\Middleware\\SubstituteBindings.php(41): Illuminate\\Routing\\Pipeline->Illuminate\\Routing\\{closure}(Object(Illuminate\\Http\\Request))
#12 C:\\Users\\Yoan\\Documents\\GitHub\\N E W\\Mock Up\\Coding-Champ-Blog\\vendor\\laravel\\framework\\src\\Illuminate\\Pipeline\\Pipeline.php(163): Illuminate\\Routing\\Middleware\\SubstituteBindings->handle(Object(Illuminate\\Http\\Request), Object(Closure))
#13 C:\\Users\\Yoan\\Documents\\GitHub\\N E W\\Mock Up\\Coding-Champ-Blog\\vendor\\laravel\\framework\\src\\Illuminate\\Routing\\Pipeline.php(53): Illuminate\\Pipeline\\Pipeline->Illuminate\\Pipeline\\{closure}(Object(Illuminate\\Http\\Request))
#14 C:\\Users\\Yoan\\Documents\\GitHub\\N E W\\Mock Up\\Coding-Champ-Blog\\vendor\\laravel\\framework\\src\\Illuminate\\Foundation\\Http\\Middleware\\VerifyCsrfToken.php(75): Illuminate\\Routing\\Pipeline->Illuminate\\Routing\\{closure}(Object(Illuminate\\Http\\Request))
#15 C:\\Users\\Yoan\\Documents\\GitHub\\N E W\\Mock Up\\Coding-Champ-Blog\\vendor\\laravel\\framework\\src\\Illuminate\\Pipeline\\Pipeline.php(163): Illuminate\\Foundation\\Http\\Middleware\\VerifyCsrfToken->handle(Object(Illuminate\\Http\\Request), Object(Closure))
#16 C:\\Users\\Yoan\\Documents\\GitHub\\N E W\\Mock Up\\Coding-Champ-Blog\\vendor\\laravel\\framework\\src\\Illuminate\\Routing\\Pipeline.php(53): Illuminate\\Pipeline\\Pipeline->Illuminate\\Pipeline\\{closure}(Object(Illuminate\\Http\\Request))
#17 C:\\Users\\Yoan\\Documents\\GitHub\\N E W\\Mock Up\\Coding-Champ-Blog\\vendor\\laravel\\framework\\src\\Illuminate\\View\\Middleware\\ShareErrorsFromSession.php(49): Illuminate\\Routing\\Pipeline->Illuminate\\Routing\\{closure}(Object(Illuminate\\Http\\Request))
#18 C:\\Users\\Yoan\\Documents\\GitHub\\N E W\\Mock Up\\Coding-Champ-Blog\\vendor\\laravel\\framework\\src\\Illuminate\\Pipeline\\Pipeline.php(163): Illuminate\\View\\Middleware\\ShareErrorsFromSession->handle(Object(Illuminate\\Http\\Request), Object(Closure))
#19 C:\\Users\\Yoan\\Documents\\GitHub\\N E W\\Mock Up\\Coding-Champ-Blog\\vendor\\laravel\\framework\\src\\Illuminate\\Routing\\Pipeline.php(53): Illuminate\\Pipeline\\Pipeline->Illuminate\\Pipeline\\{closure}(Object(Illuminate\\Http\\Request))
#20 C:\\Users\\Yoan\\Documents\\GitHub\\N E W\\Mock Up\\Coding-Champ-Blog\\vendor\\laravel\\framework\\src\\Illuminate\\Session\\Middleware\\StartSession.php(63): Illuminate\\Routing\\Pipeline->Illuminate\\Routing\\{closure}(Object(Illuminate\\Http\\Request))
#21 C:\\Users\\Yoan\\Documents\\GitHub\\N E W\\Mock Up\\Coding-Champ-Blog\\vendor\\laravel\\framework\\src\\Illuminate\\Pipeline\\Pipeline.php(163): Illuminate\\Session\\Middleware\\StartSession->handle(Object(Illuminate\\Http\\Request), Object(Closure))
#22 C:\\Users\\Yoan\\Documents\\GitHub\\N E W\\Mock Up\\Coding-Champ-Blog\\vendor\\laravel\\framework\\src\\Illuminate\\Routing\\Pipeline.php(53): Illuminate\\Pipeline\\Pipeline->Illuminate\\Pipeline\\{closure}(Object(Illuminate\\Http\\Request))
#23 C:\\Users\\Yoan\\Documents\\GitHub\\N E W\\Mock Up\\Coding-Champ-Blog\\vendor\\laravel\\framework\\src\\Illuminate\\Cookie\\Middleware\\AddQueuedCookiesToResponse.php(37): Illuminate\\Routing\\Pipeline->Illuminate\\Routing\\{closure}(Object(Illuminate\\Http\\Request))
#24 C:\\Users\\Yoan\\Documents\\GitHub\\N E W\\Mock Up\\Coding-Champ-Blog\\vendor\\laravel\\framework\\src\\Illuminate\\Pipeline\\Pipeline.php(163): Illuminate\\Cookie\\Middleware\\AddQueuedCookiesToResponse->handle(Object(Illuminate\\Http\\Request), Object(Closure))
#25 C:\\Users\\Yoan\\Documents\\GitHub\\N E W\\Mock Up\\Coding-Champ-Blog\\vendor\\laravel\\framework\\src\\Illuminate\\Routing\\Pipeline.php(53): Illuminate\\Pipeline\\Pipeline->Illuminate\\Pipeline\\{closure}(Object(Illuminate\\Http\\Request))
#26 C:\\Users\\Yoan\\Documents\\GitHub\\N E W\\Mock Up\\Coding-Champ-Blog\\vendor\\laravel\\framework\\src\\Illuminate\\Cookie\\Middleware\\EncryptCookies.php(66): Illuminate\\Routing\\Pipeline->Illuminate\\Routing\\{closure}(Object(Illuminate\\Http\\Request))
#27 C:\\Users\\Yoan\\Documents\\GitHub\\N E W\\Mock Up\\Coding-Champ-Blog\\vendor\\laravel\\framework\\src\\Illuminate\\Pipeline\\Pipeline.php(163): Illuminate\\Cookie\\Middleware\\EncryptCookies->handle(Object(Illuminate\\Http\\Request), Object(Closure))
#28 C:\\Users\\Yoan\\Documents\\GitHub\\N E W\\Mock Up\\Coding-Champ-Blog\\vendor\\laravel\\framework\\src\\Illuminate\\Routing\\Pipeline.php(53): Illuminate\\Pipeline\\Pipeline->Illuminate\\Pipeline\\{closure}(Object(Illuminate\\Http\\Request))
#29 C:\\Users\\Yoan\\Documents\\GitHub\\N E W\\Mock Up\\Coding-Champ-Blog\\vendor\\laravel\\framework\\src\\Illuminate\\Pipeline\\Pipeline.php(104): Illuminate\\Routing\\Pipeline->Illuminate\\Routing\\{closure}(Object(Illuminate\\Http\\Request))
#30 C:\\Users\\Yoan\\Documents\\GitHub\\N E W\\Mock Up\\Coding-Champ-Blog\\vendor\\laravel\\framework\\src\\Illuminate\\Routing\\Router.php(684): Illuminate\\Pipeline\\Pipeline->then(Object(Closure))
#31 C:\\Users\\Yoan\\Documents\\GitHub\\N E W\\Mock Up\\Coding-Champ-Blog\\vendor\\laravel\\framework\\src\\Illuminate\\Routing\\Router.php(659): Illuminate\\Routing\\Router->runRouteWithinStack(Object(Illuminate\\Routing\\Route), Object(Illuminate\\Http\\Request))
#32 C:\\Users\\Yoan\\Documents\\GitHub\\N E W\\Mock Up\\Coding-Champ-Blog\\vendor\\laravel\\framework\\src\\Illuminate\\Routing\\Router.php(625): Illuminate\\Routing\\Router->runRoute(Object(Illuminate\\Http\\Request), Object(Illuminate\\Routing\\Route))
#33 C:\\Users\\Yoan\\Documents\\GitHub\\N E W\\Mock Up\\Coding-Champ-Blog\\vendor\\laravel\\framework\\src\\Illuminate\\Routing\\Router.php(614): Illuminate\\Routing\\Router->dispatchToRoute(Object(Illuminate\\Http\\Request))
#34 C:\\Users\\Yoan\\Documents\\GitHub\\N E W\\Mock Up\\Coding-Champ-Blog\\vendor\\laravel\\framework\\src\\Illuminate\\Foundation\\Http\\Kernel.php(176): Illuminate\\Routing\\Router->dispatch(Object(Illuminate\\Http\\Request))
#35 C:\\Users\\Yoan\\Documents\\GitHub\\N E W\\Mock Up\\Coding-Champ-Blog\\vendor\\laravel\\framework\\src\\Illuminate\\Routing\\Pipeline.php(30): Illuminate\\Foundation\\Http\\Kernel->Illuminate\\Foundation\\Http\\{closure}(Object(Illuminate\\Http\\Request))
#36 C:\\Users\\Yoan\\Documents\\GitHub\\N E W\\Mock Up\\Coding-Champ-Blog\\vendor\\fideloper\\proxy\\src\\TrustProxies.php(57): Illuminate\\Routing\\Pipeline->Illuminate\\Routing\\{closure}(Object(Illuminate\\Http\\Request))
#37 C:\\Users\\Yoan\\Documents\\GitHub\\N E W\\Mock Up\\Coding-Champ-Blog\\vendor\\laravel\\framework\\src\\Illuminate\\Pipeline\\Pipeline.php(163): Fideloper\\Proxy\\TrustProxies->handle(Object(Illuminate\\Http\\Request), Object(Closure))
#38 C:\\Users\\Yoan\\Documents\\GitHub\\N E W\\Mock Up\\Coding-Champ-Blog\\vendor\\laravel\\framework\\src\\Illuminate\\Routing\\Pipeline.php(53): Illuminate\\Pipeline\\Pipeline->Illuminate\\Pipeline\\{closure}(Object(Illuminate\\Http\\Request))
#39 C:\\Users\\Yoan\\Documents\\GitHub\\N E W\\Mock Up\\Coding-Champ-Blog\\vendor\\laravel\\framework\\src\\Illuminate\\Foundation\\Http\\Middleware\\TransformsRequest.php(31): Illuminate\\Routing\\Pipeline->Illuminate\\Routing\\{closure}(Object(Illuminate\\Http\\Request))
#40 C:\\Users\\Yoan\\Documents\\GitHub\\N E W\\Mock Up\\Coding-Champ-Blog\\vendor\\laravel\\framework\\src\\Illuminate\\Pipeline\\Pipeline.php(163): Illuminate\\Foundation\\Http\\Middleware\\TransformsRequest->handle(Object(Illuminate\\Http\\Request), Object(Closure))
#41 C:\\Users\\Yoan\\Documents\\GitHub\\N E W\\Mock Up\\Coding-Champ-Blog\\vendor\\laravel\\framework\\src\\Illuminate\\Routing\\Pipeline.php(53): Illuminate\\Pipeline\\Pipeline->Illuminate\\Pipeline\\{closure}(Object(Illuminate\\Http\\Request))
#42 C:\\Users\\Yoan\\Documents\\GitHub\\N E W\\Mock Up\\Coding-Champ-Blog\\vendor\\laravel\\framework\\src\\Illuminate\\Foundation\\Http\\Middleware\\TransformsRequest.php(31): Illuminate\\Routing\\Pipeline->Illuminate\\Routing\\{closure}(Object(Illuminate\\Http\\Request))
#43 C:\\Users\\Yoan\\Documents\\GitHub\\N E W\\Mock Up\\Coding-Champ-Blog\\vendor\\laravel\\framework\\src\\Illuminate\\Pipeline\\Pipeline.php(163): Illuminate\\Foundation\\Http\\Middleware\\TransformsRequest->handle(Object(Illuminate\\Http\\Request), Object(Closure))
#44 C:\\Users\\Yoan\\Documents\\GitHub\\N E W\\Mock Up\\Coding-Champ-Blog\\vendor\\laravel\\framework\\src\\Illuminate\\Routing\\Pipeline.php(53): Illuminate\\Pipeline\\Pipeline->Illuminate\\Pipeline\\{closure}(Object(Illuminate\\Http\\Request))
#45 C:\\Users\\Yoan\\Documents\\GitHub\\N E W\\Mock Up\\Coding-Champ-Blog\\vendor\\laravel\\framework\\src\\Illuminate\\Foundation\\Http\\Middleware\\ValidatePostSize.php(27): Illuminate\\Routing\\Pipeline->Illuminate\\Routing\\{closure}(Object(Illuminate\\Http\\Request))
#46 C:\\Users\\Yoan\\Documents\\GitHub\\N E W\\Mock Up\\Coding-Champ-Blog\\vendor\\laravel\\framework\\src\\Illuminate\\Pipeline\\Pipeline.php(163): Illuminate\\Foundation\\Http\\Middleware\\ValidatePostSize->handle(Object(Illuminate\\Http\\Request), Object(Closure))
#47 C:\\Users\\Yoan\\Documents\\GitHub\\N E W\\Mock Up\\Coding-Champ-Blog\\vendor\\laravel\\framework\\src\\Illuminate\\Routing\\Pipeline.php(53): Illuminate\\Pipeline\\Pipeline->Illuminate\\Pipeline\\{closure}(Object(Illuminate\\Http\\Request))
#48 C:\\Users\\Yoan\\Documents\\GitHub\\N E W\\Mock Up\\Coding-Champ-Blog\\vendor\\laravel\\framework\\src\\Illuminate\\Foundation\\Http\\Middleware\\CheckForMaintenanceMode.php(62): Illuminate\\Routing\\Pipeline->Illuminate\\Routing\\{closure}(Object(Illuminate\\Http\\Request))
#49 C:\\Users\\Yoan\\Documents\\GitHub\\N E W\\Mock Up\\Coding-Champ-Blog\\vendor\\laravel\\framework\\src\\Illuminate\\Pipeline\\Pipeline.php(163): Illuminate\\Foundation\\Http\\Middleware\\CheckForMaintenanceMode->handle(Object(Illuminate\\Http\\Request), Object(Closure))
#50 C:\\Users\\Yoan\\Documents\\GitHub\\N E W\\Mock Up\\Coding-Champ-Blog\\vendor\\laravel\\framework\\src\\Illuminate\\Routing\\Pipeline.php(53): Illuminate\\Pipeline\\Pipeline->Illuminate\\Pipeline\\{closure}(Object(Illuminate\\Http\\Request))
#51 C:\\Users\\Yoan\\Documents\\GitHub\\N E W\\Mock Up\\Coding-Champ-Blog\\vendor\\fruitcake\\laravel-cors\\src\\HandleCors.php(37): Illuminate\\Routing\\Pipeline->Illuminate\\Routing\\{closure}(Object(Illuminate\\Http\\Request))
#52 C:\\Users\\Yoan\\Documents\\GitHub\\N E W\\Mock Up\\Coding-Champ-Blog\\vendor\\laravel\\framework\\src\\Illuminate\\Pipeline\\Pipeline.php(163): Fruitcake\\Cors\\HandleCors->handle(Object(Illuminate\\Http\\Request), Object(Closure))
#53 C:\\Users\\Yoan\\Documents\\GitHub\\N E W\\Mock Up\\Coding-Champ-Blog\\vendor\\laravel\\framework\\src\\Illuminate\\Routing\\Pipeline.php(53): Illuminate\\Pipeline\\Pipeline->Illuminate\\Pipeline\\{closure}(Object(Illuminate\\Http\\Request))
#54 C:\\Users\\Yoan\\Documents\\GitHub\\N E W\\Mock Up\\Coding-Champ-Blog\\vendor\\laravel\\framework\\src\\Illuminate\\Pipeline\\Pipeline.php(104): Illuminate\\Routing\\Pipeline->Illuminate\\Routing\\{closure}(Object(Illuminate\\Http\\Request))
#55 C:\\Users\\Yoan\\Documents\\GitHub\\N E W\\Mock Up\\Coding-Champ-Blog\\vendor\\laravel\\framework\\src\\Illuminate\\Foundation\\Http\\Kernel.php(151): Illuminate\\Pipeline\\Pipeline->then(Object(Closure))
#56 C:\\Users\\Yoan\\Documents\\GitHub\\N E W\\Mock Up\\Coding-Champ-Blog\\vendor\\laravel\\framework\\src\\Illuminate\\Foundation\\Http\\Kernel.php(116): Illuminate\\Foundation\\Http\\Kernel->sendRequestThroughRouter(Object(Illuminate\\Http\\Request))
#57 C:\\Users\\Yoan\\Documents\\GitHub\\N E W\\Mock Up\\Coding-Champ-Blog\\public\\index.php(63): Illuminate\\Foundation\\Http\\Kernel->handle(Object(Illuminate\\Http\\Request))
#58 C:\\Users\\Yoan\\Documents\\GitHub\\N E W\\Mock Up\\Coding-Champ-Blog\\server.php(21): require_once('C:\\\\Users\\\\Yoan\\\\D...')
#59 {main}
"} 
[2022-05-02 16:56:27] local.ERROR: Undefined variable: allComments {"exception":"[object] (ErrorException(code: 0): Undefined variable: allComments at C:\\Users\\Yoan\\Documents\\GitHub\\N E W\\Mock Up\\Coding-Champ-Blog\\app\\Models\\Comment.php:34)
[stacktrace]
#0 C:\\Users\\Yoan\\Documents\\GitHub\\N E W\\Mock Up\\Coding-Champ-Blog\\app\\Models\\Comment.php(34): Illuminate\\Foundation\\Bootstrap\\HandleExceptions->handleError(8, 'Undefined varia...', 'C:\\\\Users\\\\Yoan\\\\D...', 34, Array)
#1 C:\\Users\\Yoan\\Documents\\GitHub\\N E W\\Mock Up\\Coding-Champ-Blog\\app\\Models\\Tutorial.php(67): App\\Models\\Comment->attachSubcommentsHelper(Object(Illuminate\\Database\\Eloquent\\Collection))
#2 [internal function]: App\\Models\\Tutorial->App\\Models\\{closure}(Object(App\\Models\\Comment), 0)
#3 C:\\Users\\Yoan\\Documents\\GitHub\\N E W\\Mock Up\\Coding-Champ-Blog\\vendor\\laravel\\framework\\src\\Illuminate\\Support\\Collection.php(1034): array_map(Object(Closure), Array, Array)
#4 C:\\Users\\Yoan\\Documents\\GitHub\\N E W\\Mock Up\\Coding-Champ-Blog\\vendor\\laravel\\framework\\src\\Illuminate\\Database\\Eloquent\\Collection.php(267): Illuminate\\Support\\Collection->map(Object(Closure))
#5 C:\\Users\\Yoan\\Documents\\GitHub\\N E W\\Mock Up\\Coding-Champ-Blog\\app\\Models\\Tutorial.php(68): Illuminate\\Database\\Eloquent\\Collection->map(Object(Closure))
#6 C:\\Users\\Yoan\\Documents\\GitHub\\N E W\\Mock Up\\Coding-Champ-Blog\\app\\Http\\Controllers\\TutorialController.php(105): App\\Models\\Tutorial->getHierarchicalComments()
#7 [internal function]: App\\Http\\Controllers\\TutorialController->show('python', 'class-inheritan...')
#8 C:\\Users\\Yoan\\Documents\\GitHub\\N E W\\Mock Up\\Coding-Champ-Blog\\vendor\\laravel\\framework\\src\\Illuminate\\Routing\\Controller.php(54): call_user_func_array(Array, Array)
#9 C:\\Users\\Yoan\\Documents\\GitHub\\N E W\\Mock Up\\Coding-Champ-Blog\\vendor\\laravel\\framework\\src\\Illuminate\\Routing\\ControllerDispatcher.php(45): Illuminate\\Routing\\Controller->callAction('show', Array)
#10 C:\\Users\\Yoan\\Documents\\GitHub\\N E W\\Mock Up\\Coding-Champ-Blog\\vendor\\laravel\\framework\\src\\Illuminate\\Routing\\Route.php(219): Illuminate\\Routing\\ControllerDispatcher->dispatch(Object(Illuminate\\Routing\\Route), Object(App\\Http\\Controllers\\TutorialController), 'show')
#11 C:\\Users\\Yoan\\Documents\\GitHub\\N E W\\Mock Up\\Coding-Champ-Blog\\vendor\\laravel\\framework\\src\\Illuminate\\Routing\\Route.php(176): Illuminate\\Routing\\Route->runController()
#12 C:\\Users\\Yoan\\Documents\\GitHub\\N E W\\Mock Up\\Coding-Champ-Blog\\vendor\\laravel\\framework\\src\\Illuminate\\Routing\\Router.php(682): Illuminate\\Routing\\Route->run()
#13 C:\\Users\\Yoan\\Documents\\GitHub\\N E W\\Mock Up\\Coding-Champ-Blog\\vendor\\laravel\\framework\\src\\Illuminate\\Routing\\Pipeline.php(30): Illuminate\\Routing\\Router->Illuminate\\Routing\\{closure}(Object(Illuminate\\Http\\Request))
#14 C:\\Users\\Yoan\\Documents\\GitHub\\N E W\\Mock Up\\Coding-Champ-Blog\\vendor\\laravel\\framework\\src\\Illuminate\\Routing\\Middleware\\SubstituteBindings.php(41): Illuminate\\Routing\\Pipeline->Illuminate\\Routing\\{closure}(Object(Illuminate\\Http\\Request))
#15 C:\\Users\\Yoan\\Documents\\GitHub\\N E W\\Mock Up\\Coding-Champ-Blog\\vendor\\laravel\\framework\\src\\Illuminate\\Pipeline\\Pipeline.php(163): Illuminate\\Routing\\Middleware\\SubstituteBindings->handle(Object(Illuminate\\Http\\Request), Object(Closure))
#16 C:\\Users\\Yoan\\Documents\\GitHub\\N E W\\Mock Up\\Coding-Champ-Blog\\vendor\\laravel\\framework\\src\\Illuminate\\Routing\\Pipeline.php(53): Illuminate\\Pipeline\\Pipeline->Illuminate\\Pipeline\\{closure}(Object(Illuminate\\Http\\Request))
#17 C:\\Users\\Yoan\\Documents\\GitHub\\N E W\\Mock Up\\Coding-Champ-Blog\\vendor\\laravel\\framework\\src\\Illuminate\\Foundation\\Http\\Middleware\\VerifyCsrfToken.php(75): Illuminate\\Routing\\Pipeline->Illuminate\\Routing\\{closure}(Object(Illuminate\\Http\\Request))
#18 C:\\Users\\Yoan\\Documents\\GitHub\\N E W\\Mock Up\\Coding-Champ-Blog\\vendor\\laravel\\framework\\src\\Illuminate\\Pipeline\\Pipeline.php(163): Illuminate\\Foundation\\Http\\Middleware\\VerifyCsrfToken->handle(Object(Illuminate\\Http\\Request), Object(Closure))
#19 C:\\Users\\Yoan\\Documents\\GitHub\\N E W\\Mock Up\\Coding-Champ-Blog\\vendor\\laravel\\framework\\src\\Illuminate\\Routing\\Pipeline.php(53): Illuminate\\Pipeline\\Pipeline->Illuminate\\Pipeline\\{closure}(Object(Illuminate\\Http\\Request))
#20 C:\\Users\\Yoan\\Documents\\GitHub\\N E W\\Mock Up\\Coding-Champ-Blog\\vendor\\laravel\\framework\\src\\Illuminate\\View\\Middleware\\ShareErrorsFromSession.php(49): Illuminate\\Routing\\Pipeline->Illuminate\\Routing\\{closure}(Object(Illuminate\\Http\\Request))
#21 C:\\Users\\Yoan\\Documents\\GitHub\\N E W\\Mock Up\\Coding-Champ-Blog\\vendor\\laravel\\framework\\src\\Illuminate\\Pipeline\\Pipeline.php(163): Illuminate\\View\\Middleware\\ShareErrorsFromSession->handle(Object(Illuminate\\Http\\Request), Object(Closure))
#22 C:\\Users\\Yoan\\Documents\\GitHub\\N E W\\Mock Up\\Coding-Champ-Blog\\vendor\\laravel\\framework\\src\\Illuminate\\Routing\\Pipeline.php(53): Illuminate\\Pipeline\\Pipeline->Illuminate\\Pipeline\\{closure}(Object(Illuminate\\Http\\Request))
#23 C:\\Users\\Yoan\\Documents\\GitHub\\N E W\\Mock Up\\Coding-Champ-Blog\\vendor\\laravel\\framework\\src\\Illuminate\\Session\\Middleware\\StartSession.php(63): Illuminate\\Routing\\Pipeline->Illuminate\\Routing\\{closure}(Object(Illuminate\\Http\\Request))
#24 C:\\Users\\Yoan\\Documents\\GitHub\\N E W\\Mock Up\\Coding-Champ-Blog\\vendor\\laravel\\framework\\src\\Illuminate\\Pipeline\\Pipeline.php(163): Illuminate\\Session\\Middleware\\StartSession->handle(Object(Illuminate\\Http\\Request), Object(Closure))
#25 C:\\Users\\Yoan\\Documents\\GitHub\\N E W\\Mock Up\\Coding-Champ-Blog\\vendor\\laravel\\framework\\src\\Illuminate\\Routing\\Pipeline.php(53): Illuminate\\Pipeline\\Pipeline->Illuminate\\Pipeline\\{closure}(Object(Illuminate\\Http\\Request))
#26 C:\\Users\\Yoan\\Documents\\GitHub\\N E W\\Mock Up\\Coding-Champ-Blog\\vendor\\laravel\\framework\\src\\Illuminate\\Cookie\\Middleware\\AddQueuedCookiesToResponse.php(37): Illuminate\\Routing\\Pipeline->Illuminate\\Routing\\{closure}(Object(Illuminate\\Http\\Request))
#27 C:\\Users\\Yoan\\Documents\\GitHub\\N E W\\Mock Up\\Coding-Champ-Blog\\vendor\\laravel\\framework\\src\\Illuminate\\Pipeline\\Pipeline.php(163): Illuminate\\Cookie\\Middleware\\AddQueuedCookiesToResponse->handle(Object(Illuminate\\Http\\Request), Object(Closure))
#28 C:\\Users\\Yoan\\Documents\\GitHub\\N E W\\Mock Up\\Coding-Champ-Blog\\vendor\\laravel\\framework\\src\\Illuminate\\Routing\\Pipeline.php(53): Illuminate\\Pipeline\\Pipeline->Illuminate\\Pipeline\\{closure}(Object(Illuminate\\Http\\Request))
#29 C:\\Users\\Yoan\\Documents\\GitHub\\N E W\\Mock Up\\Coding-Champ-Blog\\vendor\\laravel\\framework\\src\\Illuminate\\Cookie\\Middleware\\EncryptCookies.php(66): Illuminate\\Routing\\Pipeline->Illuminate\\Routing\\{closure}(Object(Illuminate\\Http\\Request))
#30 C:\\Users\\Yoan\\Documents\\GitHub\\N E W\\Mock Up\\Coding-Champ-Blog\\vendor\\laravel\\framework\\src\\Illuminate\\Pipeline\\Pipeline.php(163): Illuminate\\Cookie\\Middleware\\EncryptCookies->handle(Object(Illuminate\\Http\\Request), Object(Closure))
#31 C:\\Users\\Yoan\\Documents\\GitHub\\N E W\\Mock Up\\Coding-Champ-Blog\\vendor\\laravel\\framework\\src\\Illuminate\\Routing\\Pipeline.php(53): Illuminate\\Pipeline\\Pipeline->Illuminate\\Pipeline\\{closure}(Object(Illuminate\\Http\\Request))
#32 C:\\Users\\Yoan\\Documents\\GitHub\\N E W\\Mock Up\\Coding-Champ-Blog\\vendor\\laravel\\framework\\src\\Illuminate\\Pipeline\\Pipeline.php(104): Illuminate\\Routing\\Pipeline->Illuminate\\Routing\\{closure}(Object(Illuminate\\Http\\Request))
#33 C:\\Users\\Yoan\\Documents\\GitHub\\N E W\\Mock Up\\Coding-Champ-Blog\\vendor\\laravel\\framework\\src\\Illuminate\\Routing\\Router.php(684): Illuminate\\Pipeline\\Pipeline->then(Object(Closure))
#34 C:\\Users\\Yoan\\Documents\\GitHub\\N E W\\Mock Up\\Coding-Champ-Blog\\vendor\\laravel\\framework\\src\\Illuminate\\Routing\\Router.php(659): Illuminate\\Routing\\Router->runRouteWithinStack(Object(Illuminate\\Routing\\Route), Object(Illuminate\\Http\\Request))
#35 C:\\Users\\Yoan\\Documents\\GitHub\\N E W\\Mock Up\\Coding-Champ-Blog\\vendor\\laravel\\framework\\src\\Illuminate\\Routing\\Router.php(625): Illuminate\\Routing\\Router->runRoute(Object(Illuminate\\Http\\Request), Object(Illuminate\\Routing\\Route))
#36 C:\\Users\\Yoan\\Documents\\GitHub\\N E W\\Mock Up\\Coding-Champ-Blog\\vendor\\laravel\\framework\\src\\Illuminate\\Routing\\Router.php(614): Illuminate\\Routing\\Router->dispatchToRoute(Object(Illuminate\\Http\\Request))
#37 C:\\Users\\Yoan\\Documents\\GitHub\\N E W\\Mock Up\\Coding-Champ-Blog\\vendor\\laravel\\framework\\src\\Illuminate\\Foundation\\Http\\Kernel.php(176): Illuminate\\Routing\\Router->dispatch(Object(Illuminate\\Http\\Request))
#38 C:\\Users\\Yoan\\Documents\\GitHub\\N E W\\Mock Up\\Coding-Champ-Blog\\vendor\\laravel\\framework\\src\\Illuminate\\Routing\\Pipeline.php(30): Illuminate\\Foundation\\Http\\Kernel->Illuminate\\Foundation\\Http\\{closure}(Object(Illuminate\\Http\\Request))
#39 C:\\Users\\Yoan\\Documents\\GitHub\\N E W\\Mock Up\\Coding-Champ-Blog\\vendor\\fideloper\\proxy\\src\\TrustProxies.php(57): Illuminate\\Routing\\Pipeline->Illuminate\\Routing\\{closure}(Object(Illuminate\\Http\\Request))
#40 C:\\Users\\Yoan\\Documents\\GitHub\\N E W\\Mock Up\\Coding-Champ-Blog\\vendor\\laravel\\framework\\src\\Illuminate\\Pipeline\\Pipeline.php(163): Fideloper\\Proxy\\TrustProxies->handle(Object(Illuminate\\Http\\Request), Object(Closure))
#41 C:\\Users\\Yoan\\Documents\\GitHub\\N E W\\Mock Up\\Coding-Champ-Blog\\vendor\\laravel\\framework\\src\\Illuminate\\Routing\\Pipeline.php(53): Illuminate\\Pipeline\\Pipeline->Illuminate\\Pipeline\\{closure}(Object(Illuminate\\Http\\Request))
#42 C:\\Users\\Yoan\\Documents\\GitHub\\N E W\\Mock Up\\Coding-Champ-Blog\\vendor\\laravel\\framework\\src\\Illuminate\\Foundation\\Http\\Middleware\\TransformsRequest.php(31): Illuminate\\Routing\\Pipeline->Illuminate\\Routing\\{closure}(Object(Illuminate\\Http\\Request))
#43 C:\\Users\\Yoan\\Documents\\GitHub\\N E W\\Mock Up\\Coding-Champ-Blog\\vendor\\laravel\\framework\\src\\Illuminate\\Pipeline\\Pipeline.php(163): Illuminate\\Foundation\\Http\\Middleware\\TransformsRequest->handle(Object(Illuminate\\Http\\Request), Object(Closure))
#44 C:\\Users\\Yoan\\Documents\\GitHub\\N E W\\Mock Up\\Coding-Champ-Blog\\vendor\\laravel\\framework\\src\\Illuminate\\Routing\\Pipeline.php(53): Illuminate\\Pipeline\\Pipeline->Illuminate\\Pipeline\\{closure}(Object(Illuminate\\Http\\Request))
#45 C:\\Users\\Yoan\\Documents\\GitHub\\N E W\\Mock Up\\Coding-Champ-Blog\\vendor\\laravel\\framework\\src\\Illuminate\\Foundation\\Http\\Middleware\\TransformsRequest.php(31): Illuminate\\Routing\\Pipeline->Illuminate\\Routing\\{closure}(Object(Illuminate\\Http\\Request))
#46 C:\\Users\\Yoan\\Documents\\GitHub\\N E W\\Mock Up\\Coding-Champ-Blog\\vendor\\laravel\\framework\\src\\Illuminate\\Pipeline\\Pipeline.php(163): Illuminate\\Foundation\\Http\\Middleware\\TransformsRequest->handle(Object(Illuminate\\Http\\Request), Object(Closure))
#47 C:\\Users\\Yoan\\Documents\\GitHub\\N E W\\Mock Up\\Coding-Champ-Blog\\vendor\\laravel\\framework\\src\\Illuminate\\Routing\\Pipeline.php(53): Illuminate\\Pipeline\\Pipeline->Illuminate\\Pipeline\\{closure}(Object(Illuminate\\Http\\Request))
#48 C:\\Users\\Yoan\\Documents\\GitHub\\N E W\\Mock Up\\Coding-Champ-Blog\\vendor\\laravel\\framework\\src\\Illuminate\\Foundation\\Http\\Middleware\\ValidatePostSize.php(27): Illuminate\\Routing\\Pipeline->Illuminate\\Routing\\{closure}(Object(Illuminate\\Http\\Request))
#49 C:\\Users\\Yoan\\Documents\\GitHub\\N E W\\Mock Up\\Coding-Champ-Blog\\vendor\\laravel\\framework\\src\\Illuminate\\Pipeline\\Pipeline.php(163): Illuminate\\Foundation\\Http\\Middleware\\ValidatePostSize->handle(Object(Illuminate\\Http\\Request), Object(Closure))
#50 C:\\Users\\Yoan\\Documents\\GitHub\\N E W\\Mock Up\\Coding-Champ-Blog\\vendor\\laravel\\framework\\src\\Illuminate\\Routing\\Pipeline.php(53): Illuminate\\Pipeline\\Pipeline->Illuminate\\Pipeline\\{closure}(Object(Illuminate\\Http\\Request))
#51 C:\\Users\\Yoan\\Documents\\GitHub\\N E W\\Mock Up\\Coding-Champ-Blog\\vendor\\laravel\\framework\\src\\Illuminate\\Foundation\\Http\\Middleware\\CheckForMaintenanceMode.php(62): Illuminate\\Routing\\Pipeline->Illuminate\\Routing\\{closure}(Object(Illuminate\\Http\\Request))
#52 C:\\Users\\Yoan\\Documents\\GitHub\\N E W\\Mock Up\\Coding-Champ-Blog\\vendor\\laravel\\framework\\src\\Illuminate\\Pipeline\\Pipeline.php(163): Illuminate\\Foundation\\Http\\Middleware\\CheckForMaintenanceMode->handle(Object(Illuminate\\Http\\Request), Object(Closure))
#53 C:\\Users\\Yoan\\Documents\\GitHub\\N E W\\Mock Up\\Coding-Champ-Blog\\vendor\\laravel\\framework\\src\\Illuminate\\Routing\\Pipeline.php(53): Illuminate\\Pipeline\\Pipeline->Illuminate\\Pipeline\\{closure}(Object(Illuminate\\Http\\Request))
#54 C:\\Users\\Yoan\\Documents\\GitHub\\N E W\\Mock Up\\Coding-Champ-Blog\\vendor\\fruitcake\\laravel-cors\\src\\HandleCors.php(37): Illuminate\\Routing\\Pipeline->Illuminate\\Routing\\{closure}(Object(Illuminate\\Http\\Request))
#55 C:\\Users\\Yoan\\Documents\\GitHub\\N E W\\Mock Up\\Coding-Champ-Blog\\vendor\\laravel\\framework\\src\\Illuminate\\Pipeline\\Pipeline.php(163): Fruitcake\\Cors\\HandleCors->handle(Object(Illuminate\\Http\\Request), Object(Closure))
#56 C:\\Users\\Yoan\\Documents\\GitHub\\N E W\\Mock Up\\Coding-Champ-Blog\\vendor\\laravel\\framework\\src\\Illuminate\\Routing\\Pipeline.php(53): Illuminate\\Pipeline\\Pipeline->Illuminate\\Pipeline\\{closure}(Object(Illuminate\\Http\\Request))
#57 C:\\Users\\Yoan\\Documents\\GitHub\\N E W\\Mock Up\\Coding-Champ-Blog\\vendor\\laravel\\framework\\src\\Illuminate\\Pipeline\\Pipeline.php(104): Illuminate\\Routing\\Pipeline->Illuminate\\Routing\\{closure}(Object(Illuminate\\Http\\Request))
#58 C:\\Users\\Yoan\\Documents\\GitHub\\N E W\\Mock Up\\Coding-Champ-Blog\\vendor\\laravel\\framework\\src\\Illuminate\\Foundation\\Http\\Kernel.php(151): Illuminate\\Pipeline\\Pipeline->then(Object(Closure))
#59 C:\\Users\\Yoan\\Documents\\GitHub\\N E W\\Mock Up\\Coding-Champ-Blog\\vendor\\laravel\\framework\\src\\Illuminate\\Foundation\\Http\\Kernel.php(116): Illuminate\\Foundation\\Http\\Kernel->sendRequestThroughRouter(Object(Illuminate\\Http\\Request))
#60 C:\\Users\\Yoan\\Documents\\GitHub\\N E W\\Mock Up\\Coding-Champ-Blog\\public\\index.php(63): Illuminate\\Foundation\\Http\\Kernel->handle(Object(Illuminate\\Http\\Request))
#61 C:\\Users\\Yoan\\Documents\\GitHub\\N E W\\Mock Up\\Coding-Champ-Blog\\server.php(21): require_once('C:\\\\Users\\\\Yoan\\\\D...')
#62 {main}
"} 
